Determining if the pthread_create exist failed with the following output:
Change Dir: /home/ros_user/cw1/build/CMakeFiles/CMakeTmp

Run Build Command:"/usr/bin/make" "cmTC_d3800/fast"
/usr/bin/make -f CMakeFiles/cmTC_d3800.dir/build.make CMakeFiles/cmTC_d3800.dir/build
make[1]: Entering directory '/home/ros_user/cw1/build/CMakeFiles/CMakeTmp'
Building C object CMakeFiles/cmTC_d3800.dir/CheckSymbolExists.c.o
/usr/bin/cc     -o CMakeFiles/cmTC_d3800.dir/CheckSymbolExists.c.o   -c /home/ros_user/cw1/build/CMakeFiles/CMakeTmp/CheckSymbolExists.c
Linking C executable cmTC_d3800
/usr/bin/cmake -E cmake_link_script CMakeFiles/cmTC_d3800.dir/link.txt --verbose=1
/usr/bin/cc       CMakeFiles/cmTC_d3800.dir/CheckSymbolExists.c.o  -o cmTC_d3800 -rdynamic 
CMakeFiles/cmTC_d3800.dir/CheckSymbolExists.c.o: In function `main':
CheckSymbolExists.c:(.text+0x16): undefined reference to `pthread_create'
collect2: error: ld returned 1 exit status
CMakeFiles/cmTC_d3800.dir/build.make:97: recipe for target 'cmTC_d3800' failed
make[1]: *** [cmTC_d3800] Error 1
make[1]: Leaving directory '/home/ros_user/cw1/build/CMakeFiles/CMakeTmp'
Makefile:126: recipe for target 'cmTC_d3800/fast' failed
make: *** [cmTC_d3800/fast] Error 2

File /home/ros_user/cw1/build/CMakeFiles/CMakeTmp/CheckSymbolExists.c:
/* */
#include <pthread.h>

int main(int argc, char** argv)
{
  (void)argv;
#ifndef pthread_create
  return ((int*)(&pthread_create))[argc];
#else
  (void)argc;
  return 0;
#endif
}

Determining if the function pthread_create exists in the pthreads failed with the following output:
Change Dir: /home/ros_user/cw1/build/CMakeFiles/CMakeTmp

Run Build Command:"/usr/bin/make" "cmTC_fc5c0/fast"
/usr/bin/make -f CMakeFiles/cmTC_fc5c0.dir/build.make CMakeFiles/cmTC_fc5c0.dir/build
make[1]: Entering directory '/home/ros_user/cw1/build/CMakeFiles/CMakeTmp'
Building C object CMakeFiles/cmTC_fc5c0.dir/CheckFunctionExists.c.o
/usr/bin/cc    -DCHECK_FUNCTION_EXISTS=pthread_create   -o CMakeFiles/cmTC_fc5c0.dir/CheckFunctionExists.c.o   -c /usr/share/cmake-3.5/Modules/CheckFunctionExists.c
Linking C executable cmTC_fc5c0
/usr/bin/cmake -E cmake_link_script CMakeFiles/cmTC_fc5c0.dir/link.txt --verbose=1
/usr/bin/cc   -DCHECK_FUNCTION_EXISTS=pthread_create    CMakeFiles/cmTC_fc5c0.dir/CheckFunctionExists.c.o  -o cmTC_fc5c0 -rdynamic -lpthreads 
/usr/bin/ld: cannot find -lpthreads
collect2: error: ld returned 1 exit status
CMakeFiles/cmTC_fc5c0.dir/build.make:97: recipe for target 'cmTC_fc5c0' failed
make[1]: *** [cmTC_fc5c0] Error 1
make[1]: Leaving directory '/home/ros_user/cw1/build/CMakeFiles/CMakeTmp'
Makefile:126: recipe for target 'cmTC_fc5c0/fast' failed
make: *** [cmTC_fc5c0/fast] Error 2


Determining if the Q_WS_WIN exist failed with the following output:
Change Dir: /home/ros_user/cw1/build/CMakeFiles/CMakeTmp

Run Build Command:"/usr/bin/make" "cmTC_9b9bd/fast"
/usr/bin/make -f CMakeFiles/cmTC_9b9bd.dir/build.make CMakeFiles/cmTC_9b9bd.dir/build
make[1]: Entering directory '/home/ros_user/cw1/build/CMakeFiles/CMakeTmp'
Building CXX object CMakeFiles/cmTC_9b9bd.dir/CheckSymbolExists.cxx.o
/usr/bin/c++    -I/usr/include/qt4   -o CMakeFiles/cmTC_9b9bd.dir/CheckSymbolExists.cxx.o -c /home/ros_user/cw1/build/CMakeFiles/CMakeTmp/CheckSymbolExists.cxx
/home/ros_user/cw1/build/CMakeFiles/CMakeTmp/CheckSymbolExists.cxx: In function ‘int main(int, char**)’:
/home/ros_user/cw1/build/CMakeFiles/CMakeTmp/CheckSymbolExists.cxx:8:19: error: ‘Q_WS_WIN’ was not declared in this scope
   return ((int*)(&Q_WS_WIN))[argc];
                   ^
CMakeFiles/cmTC_9b9bd.dir/build.make:65: recipe for target 'CMakeFiles/cmTC_9b9bd.dir/CheckSymbolExists.cxx.o' failed
make[1]: *** [CMakeFiles/cmTC_9b9bd.dir/CheckSymbolExists.cxx.o] Error 1
make[1]: Leaving directory '/home/ros_user/cw1/build/CMakeFiles/CMakeTmp'
Makefile:126: recipe for target 'cmTC_9b9bd/fast' failed
make: *** [cmTC_9b9bd/fast] Error 2

File /home/ros_user/cw1/build/CMakeFiles/CMakeTmp/CheckSymbolExists.cxx:
/* */
#include <QtCore/qglobal.h>

int main(int argc, char** argv)
{
  (void)argv;
#ifndef Q_WS_WIN
  return ((int*)(&Q_WS_WIN))[argc];
#else
  (void)argc;
  return 0;
#endif
}

Determining if the Q_WS_QWS exist failed with the following output:
Change Dir: /home/ros_user/cw1/build/CMakeFiles/CMakeTmp

Run Build Command:"/usr/bin/make" "cmTC_67809/fast"
/usr/bin/make -f CMakeFiles/cmTC_67809.dir/build.make CMakeFiles/cmTC_67809.dir/build
make[1]: Entering directory '/home/ros_user/cw1/build/CMakeFiles/CMakeTmp'
Building CXX object CMakeFiles/cmTC_67809.dir/CheckSymbolExists.cxx.o
/usr/bin/c++    -I/usr/include/qt4   -o CMakeFiles/cmTC_67809.dir/CheckSymbolExists.cxx.o -c /home/ros_user/cw1/build/CMakeFiles/CMakeTmp/CheckSymbolExists.cxx
/home/ros_user/cw1/build/CMakeFiles/CMakeTmp/CheckSymbolExists.cxx: In function ‘int main(int, char**)’:
/home/ros_user/cw1/build/CMakeFiles/CMakeTmp/CheckSymbolExists.cxx:8:19: error: ‘Q_WS_QWS’ was not declared in this scope
   return ((int*)(&Q_WS_QWS))[argc];
                   ^
CMakeFiles/cmTC_67809.dir/build.make:65: recipe for target 'CMakeFiles/cmTC_67809.dir/CheckSymbolExists.cxx.o' failed
make[1]: *** [CMakeFiles/cmTC_67809.dir/CheckSymbolExists.cxx.o] Error 1
make[1]: Leaving directory '/home/ros_user/cw1/build/CMakeFiles/CMakeTmp'
Makefile:126: recipe for target 'cmTC_67809/fast' failed
make: *** [cmTC_67809/fast] Error 2

File /home/ros_user/cw1/build/CMakeFiles/CMakeTmp/CheckSymbolExists.cxx:
/* */
#include <QtCore/qglobal.h>

int main(int argc, char** argv)
{
  (void)argv;
#ifndef Q_WS_QWS
  return ((int*)(&Q_WS_QWS))[argc];
#else
  (void)argc;
  return 0;
#endif
}

Determining if the Q_WS_MAC exist failed with the following output:
Change Dir: /home/ros_user/cw1/build/CMakeFiles/CMakeTmp

Run Build Command:"/usr/bin/make" "cmTC_326aa/fast"
/usr/bin/make -f CMakeFiles/cmTC_326aa.dir/build.make CMakeFiles/cmTC_326aa.dir/build
make[1]: Entering directory '/home/ros_user/cw1/build/CMakeFiles/CMakeTmp'
Building CXX object CMakeFiles/cmTC_326aa.dir/CheckSymbolExists.cxx.o
/usr/bin/c++    -I/usr/include/qt4   -o CMakeFiles/cmTC_326aa.dir/CheckSymbolExists.cxx.o -c /home/ros_user/cw1/build/CMakeFiles/CMakeTmp/CheckSymbolExists.cxx
/home/ros_user/cw1/build/CMakeFiles/CMakeTmp/CheckSymbolExists.cxx: In function ‘int main(int, char**)’:
/home/ros_user/cw1/build/CMakeFiles/CMakeTmp/CheckSymbolExists.cxx:8:19: error: ‘Q_WS_MAC’ was not declared in this scope
   return ((int*)(&Q_WS_MAC))[argc];
                   ^
CMakeFiles/cmTC_326aa.dir/build.make:65: recipe for target 'CMakeFiles/cmTC_326aa.dir/CheckSymbolExists.cxx.o' failed
make[1]: *** [CMakeFiles/cmTC_326aa.dir/CheckSymbolExists.cxx.o] Error 1
make[1]: Leaving directory '/home/ros_user/cw1/build/CMakeFiles/CMakeTmp'
Makefile:126: recipe for target 'cmTC_326aa/fast' failed
make: *** [cmTC_326aa/fast] Error 2

File /home/ros_user/cw1/build/CMakeFiles/CMakeTmp/CheckSymbolExists.cxx:
/* */
#include <QtCore/qglobal.h>

int main(int argc, char** argv)
{
  (void)argv;
#ifndef Q_WS_MAC
  return ((int*)(&Q_WS_MAC))[argc];
#else
  (void)argc;
  return 0;
#endif
}

